<?xml version="1.0" encoding="UTF-8"?>
<!-- Generated by org.testng.reporters.JUnitXMLReporter -->
<testsuite hostname="DESKTOP-3ALFBUP" ignored="0" name="Test" tests="6" failures="0" timestamp="2021-02-02T00:05:14 EST" time="40.686" errors="0">
  <testcase name="@BeforeClass SetUp" time="12.542" classname="com.InetBanking.TestCases.BaseClass">
    <failure type="org.openqa.selenium.SessionNotCreatedException" message="session not created
from chrome not reachable
  (Session info: chrome=88.0.4324.104)
Build info: version: &amp;apos;3.141.59&amp;apos;, revision: &amp;apos;e82be7d358&amp;apos;, time: &amp;apos;2018-11-14T08:17:03&amp;apos;
System info: host: &amp;apos;DESKTOP-3ALFBUP&amp;apos;, ip: &amp;apos;192.168.2.6&amp;apos;, os.name: &amp;apos;Windows 10&amp;apos;, os.arch: &amp;apos;amd64&amp;apos;, os.version: &amp;apos;10.0&amp;apos;, java.version: &amp;apos;1.8.0_241&amp;apos;
Driver info: driver.version: ChromeDriver
remote stacktrace: Backtrace:
	Ordinal0 [0x0040C0C3+3326147]
	Ordinal0 [0x002F0851+2164817]
	Ordinal0 [0x00177140+618816]
	Ordinal0 [0x0016D404+578564]
	Ordinal0 [0x0016DACB+580299]
	Ordinal0 [0x0016ED35+585013]
	Ordinal0 [0x00169D61+564577]
	Ordinal0 [0x001782C0+623296]
	Ordinal0 [0x00116BDD+224221]
	Ordinal0 [0x00115CAC+220332]
	Ordinal0 [0x0011189B+202907]
	Ordinal0 [0x000F3DF4+81396]
	Ordinal0 [0x000F4DEE+85486]
	Ordinal0 [0x000F4D79+85369]
	Ordinal0 [0x003085DC+2262492]
	GetHandleVerifier [0x00592874+1487204]
	GetHandleVerifier [0x005923CD+1486013]
	GetHandleVerifier [0x0059A368+1518680]
	GetHandleVerifier [0x00592F4E+1488958]
	Ordinal0 [0x002FED0D+2223373]
	Ordinal0 [0x0030A12B+2269483]
	Ordinal0 [0x0030A26F+2269807]
	Ordinal0 [0x0031ECB8+2354360]
	BaseThreadInitThunk [0x769EFA29+25]
	RtlGetAppContainerNamedObjectPath [0x77C075F4+228]
	RtlGetAppContainerNamedObjectPath [0x77C075C4+180]
	(No symbol) [0x00000000]
">
      <![CDATA[org.openqa.selenium.SessionNotCreatedException: session not created
from chrome not reachable
  (Session info: chrome=88.0.4324.104)
Build info: version: '3.141.59', revision: 'e82be7d358', time: '2018-11-14T08:17:03'
System info: host: 'DESKTOP-3ALFBUP', ip: '192.168.2.6', os.name: 'Windows 10', os.arch: 'amd64', os.version: '10.0', java.version: '1.8.0_241'
Driver info: driver.version: ChromeDriver
remote stacktrace: Backtrace:
Ordinal0 [0x0040C0C3+3326147]
Ordinal0 [0x002F0851+2164817]
Ordinal0 [0x00177140+618816]
Ordinal0 [0x0016D404+578564]
Ordinal0 [0x0016DACB+580299]
Ordinal0 [0x0016ED35+585013]
Ordinal0 [0x00169D61+564577]
Ordinal0 [0x001782C0+623296]
Ordinal0 [0x00116BDD+224221]
Ordinal0 [0x00115CAC+220332]
Ordinal0 [0x0011189B+202907]
Ordinal0 [0x000F3DF4+81396]
Ordinal0 [0x000F4DEE+85486]
Ordinal0 [0x000F4D79+85369]
Ordinal0 [0x003085DC+2262492]
GetHandleVerifier [0x00592874+1487204]
GetHandleVerifier [0x005923CD+1486013]
GetHandleVerifier [0x0059A368+1518680]
GetHandleVerifier [0x00592F4E+1488958]
Ordinal0 [0x002FED0D+2223373]
Ordinal0 [0x0030A12B+2269483]
Ordinal0 [0x0030A26F+2269807]
Ordinal0 [0x0031ECB8+2354360]
BaseThreadInitThunk [0x769EFA29+25]
RtlGetAppContainerNamedObjectPath [0x77C075F4+228]
RtlGetAppContainerNamedObjectPath [0x77C075C4+180]
(No symbol) [0x00000000]

at org.openqa.selenium.remote.W3CHandshakeResponse.lambda$errorHandler$0(W3CHandshakeResponse.java:62)
at org.openqa.selenium.remote.HandshakeResponse.lambda$getResponseFunction$0(HandshakeResponse.java:30)
at org.openqa.selenium.remote.ProtocolHandshake.lambda$createSession$0(ProtocolHandshake.java:126)
at java.util.stream.ReferencePipeline$3$1.accept(ReferencePipeline.java:193)
at java.util.Spliterators$ArraySpliterator.tryAdvance(Spliterators.java:958)
at java.util.stream.ReferencePipeline.forEachWithCancel(ReferencePipeline.java:126)
at java.util.stream.AbstractPipeline.copyIntoWithCancel(AbstractPipeline.java:499)
at java.util.stream.AbstractPipeline.copyInto(AbstractPipeline.java:486)
at java.util.stream.AbstractPipeline.wrapAndCopyInto(AbstractPipeline.java:472)
at java.util.stream.FindOps$FindOp.evaluateSequential(FindOps.java:152)
at java.util.stream.AbstractPipeline.evaluate(AbstractPipeline.java:234)
at java.util.stream.ReferencePipeline.findFirst(ReferencePipeline.java:464)
at org.openqa.selenium.remote.ProtocolHandshake.createSession(ProtocolHandshake.java:128)
at org.openqa.selenium.remote.ProtocolHandshake.createSession(ProtocolHandshake.java:74)
at org.openqa.selenium.remote.HttpCommandExecutor.execute(HttpCommandExecutor.java:136)
at org.openqa.selenium.remote.service.DriverCommandExecutor.execute(DriverCommandExecutor.java:83)
at org.openqa.selenium.remote.RemoteWebDriver.execute(RemoteWebDriver.java:552)
at org.openqa.selenium.remote.RemoteWebDriver.startSession(RemoteWebDriver.java:213)
at org.openqa.selenium.remote.RemoteWebDriver.<init>(RemoteWebDriver.java:131)
at org.openqa.selenium.chrome.ChromeDriver.<init>(ChromeDriver.java:181)
at org.openqa.selenium.chrome.ChromeDriver.<init>(ChromeDriver.java:168)
at org.openqa.selenium.chrome.ChromeDriver.<init>(ChromeDriver.java:123)
at com.InetBanking.TestCases.BaseClass.SetUp(BaseClass.java:41)
at java.util.ArrayList.forEach(ArrayList.java:1257)
... Removed 33 stack frames]]>
    </failure>
  </testcase> <!-- @BeforeClass SetUp -->
  <testcase name="@AfterClass TearDown" time="-1.612242286069E9" classname="com.InetBanking.TestCases.BaseClass">
    <skipped/>
  </testcase> <!-- @AfterClass TearDown -->
  <testcase name="@BeforeClass SetUp" time="13.392" classname="com.InetBanking.TestCases.BaseClass">
    <failure type="org.openqa.selenium.SessionNotCreatedException" message="session not created
from chrome not reachable
  (Session info: chrome=88.0.4324.104)
Build info: version: &amp;apos;3.141.59&amp;apos;, revision: &amp;apos;e82be7d358&amp;apos;, time: &amp;apos;2018-11-14T08:17:03&amp;apos;
System info: host: &amp;apos;DESKTOP-3ALFBUP&amp;apos;, ip: &amp;apos;192.168.2.6&amp;apos;, os.name: &amp;apos;Windows 10&amp;apos;, os.arch: &amp;apos;amd64&amp;apos;, os.version: &amp;apos;10.0&amp;apos;, java.version: &amp;apos;1.8.0_241&amp;apos;
Driver info: driver.version: ChromeDriver
remote stacktrace: Backtrace:
	Ordinal0 [0x0040C0C3+3326147]
	Ordinal0 [0x002F0851+2164817]
	Ordinal0 [0x00177140+618816]
	Ordinal0 [0x0016D404+578564]
	Ordinal0 [0x0016DACB+580299]
	Ordinal0 [0x0016ED35+585013]
	Ordinal0 [0x00169D61+564577]
	Ordinal0 [0x001782C0+623296]
	Ordinal0 [0x00116BDD+224221]
	Ordinal0 [0x00115CAC+220332]
	Ordinal0 [0x0011189B+202907]
	Ordinal0 [0x000F3DF4+81396]
	Ordinal0 [0x000F4DEE+85486]
	Ordinal0 [0x000F4D79+85369]
	Ordinal0 [0x003085DC+2262492]
	GetHandleVerifier [0x00592874+1487204]
	GetHandleVerifier [0x005923CD+1486013]
	GetHandleVerifier [0x0059A368+1518680]
	GetHandleVerifier [0x00592F4E+1488958]
	Ordinal0 [0x002FED0D+2223373]
	Ordinal0 [0x0030A12B+2269483]
	Ordinal0 [0x0030A26F+2269807]
	Ordinal0 [0x0031ECB8+2354360]
	BaseThreadInitThunk [0x769EFA29+25]
	RtlGetAppContainerNamedObjectPath [0x77C075F4+228]
	RtlGetAppContainerNamedObjectPath [0x77C075C4+180]
	(No symbol) [0x00000000]
">
      <![CDATA[org.openqa.selenium.SessionNotCreatedException: session not created
from chrome not reachable
  (Session info: chrome=88.0.4324.104)
Build info: version: '3.141.59', revision: 'e82be7d358', time: '2018-11-14T08:17:03'
System info: host: 'DESKTOP-3ALFBUP', ip: '192.168.2.6', os.name: 'Windows 10', os.arch: 'amd64', os.version: '10.0', java.version: '1.8.0_241'
Driver info: driver.version: ChromeDriver
remote stacktrace: Backtrace:
Ordinal0 [0x0040C0C3+3326147]
Ordinal0 [0x002F0851+2164817]
Ordinal0 [0x00177140+618816]
Ordinal0 [0x0016D404+578564]
Ordinal0 [0x0016DACB+580299]
Ordinal0 [0x0016ED35+585013]
Ordinal0 [0x00169D61+564577]
Ordinal0 [0x001782C0+623296]
Ordinal0 [0x00116BDD+224221]
Ordinal0 [0x00115CAC+220332]
Ordinal0 [0x0011189B+202907]
Ordinal0 [0x000F3DF4+81396]
Ordinal0 [0x000F4DEE+85486]
Ordinal0 [0x000F4D79+85369]
Ordinal0 [0x003085DC+2262492]
GetHandleVerifier [0x00592874+1487204]
GetHandleVerifier [0x005923CD+1486013]
GetHandleVerifier [0x0059A368+1518680]
GetHandleVerifier [0x00592F4E+1488958]
Ordinal0 [0x002FED0D+2223373]
Ordinal0 [0x0030A12B+2269483]
Ordinal0 [0x0030A26F+2269807]
Ordinal0 [0x0031ECB8+2354360]
BaseThreadInitThunk [0x769EFA29+25]
RtlGetAppContainerNamedObjectPath [0x77C075F4+228]
RtlGetAppContainerNamedObjectPath [0x77C075C4+180]
(No symbol) [0x00000000]

at org.openqa.selenium.remote.W3CHandshakeResponse.lambda$errorHandler$0(W3CHandshakeResponse.java:62)
at org.openqa.selenium.remote.HandshakeResponse.lambda$getResponseFunction$0(HandshakeResponse.java:30)
at org.openqa.selenium.remote.ProtocolHandshake.lambda$createSession$0(ProtocolHandshake.java:126)
at java.util.stream.ReferencePipeline$3$1.accept(ReferencePipeline.java:193)
at java.util.Spliterators$ArraySpliterator.tryAdvance(Spliterators.java:958)
at java.util.stream.ReferencePipeline.forEachWithCancel(ReferencePipeline.java:126)
at java.util.stream.AbstractPipeline.copyIntoWithCancel(AbstractPipeline.java:499)
at java.util.stream.AbstractPipeline.copyInto(AbstractPipeline.java:486)
at java.util.stream.AbstractPipeline.wrapAndCopyInto(AbstractPipeline.java:472)
at java.util.stream.FindOps$FindOp.evaluateSequential(FindOps.java:152)
at java.util.stream.AbstractPipeline.evaluate(AbstractPipeline.java:234)
at java.util.stream.ReferencePipeline.findFirst(ReferencePipeline.java:464)
at org.openqa.selenium.remote.ProtocolHandshake.createSession(ProtocolHandshake.java:128)
at org.openqa.selenium.remote.ProtocolHandshake.createSession(ProtocolHandshake.java:74)
at org.openqa.selenium.remote.HttpCommandExecutor.execute(HttpCommandExecutor.java:136)
at org.openqa.selenium.remote.service.DriverCommandExecutor.execute(DriverCommandExecutor.java:83)
at org.openqa.selenium.remote.RemoteWebDriver.execute(RemoteWebDriver.java:552)
at org.openqa.selenium.remote.RemoteWebDriver.startSession(RemoteWebDriver.java:213)
at org.openqa.selenium.remote.RemoteWebDriver.<init>(RemoteWebDriver.java:131)
at org.openqa.selenium.chrome.ChromeDriver.<init>(ChromeDriver.java:181)
at org.openqa.selenium.chrome.ChromeDriver.<init>(ChromeDriver.java:168)
at org.openqa.selenium.chrome.ChromeDriver.<init>(ChromeDriver.java:123)
at com.InetBanking.TestCases.BaseClass.SetUp(BaseClass.java:41)
at java.util.ArrayList.forEach(ArrayList.java:1257)
... Removed 33 stack frames]]>
    </failure>
  </testcase> <!-- @BeforeClass SetUp -->
  <testcase name="@AfterClass TearDown" time="-1.612242300571E9" classname="com.InetBanking.TestCases.BaseClass">
    <skipped/>
  </testcase> <!-- @AfterClass TearDown -->
  <testcase name="@BeforeClass SetUp" time="13.406" classname="com.InetBanking.TestCases.BaseClass">
    <failure type="org.openqa.selenium.SessionNotCreatedException" message="session not created
from chrome not reachable
  (Session info: chrome=88.0.4324.104)
Build info: version: &amp;apos;3.141.59&amp;apos;, revision: &amp;apos;e82be7d358&amp;apos;, time: &amp;apos;2018-11-14T08:17:03&amp;apos;
System info: host: &amp;apos;DESKTOP-3ALFBUP&amp;apos;, ip: &amp;apos;192.168.2.6&amp;apos;, os.name: &amp;apos;Windows 10&amp;apos;, os.arch: &amp;apos;amd64&amp;apos;, os.version: &amp;apos;10.0&amp;apos;, java.version: &amp;apos;1.8.0_241&amp;apos;
Driver info: driver.version: ChromeDriver
remote stacktrace: Backtrace:
	Ordinal0 [0x0040C0C3+3326147]
	Ordinal0 [0x002F0851+2164817]
	Ordinal0 [0x00177140+618816]
	Ordinal0 [0x0016D404+578564]
	Ordinal0 [0x0016DACB+580299]
	Ordinal0 [0x0016ED35+585013]
	Ordinal0 [0x00169D61+564577]
	Ordinal0 [0x001782C0+623296]
	Ordinal0 [0x00116BDD+224221]
	Ordinal0 [0x00115CAC+220332]
	Ordinal0 [0x0011189B+202907]
	Ordinal0 [0x000F3DF4+81396]
	Ordinal0 [0x000F4DEE+85486]
	Ordinal0 [0x000F4D79+85369]
	Ordinal0 [0x003085DC+2262492]
	GetHandleVerifier [0x00592874+1487204]
	GetHandleVerifier [0x005923CD+1486013]
	GetHandleVerifier [0x0059A368+1518680]
	GetHandleVerifier [0x00592F4E+1488958]
	Ordinal0 [0x002FED0D+2223373]
	Ordinal0 [0x0030A12B+2269483]
	Ordinal0 [0x0030A26F+2269807]
	Ordinal0 [0x0031ECB8+2354360]
	BaseThreadInitThunk [0x769EFA29+25]
	RtlGetAppContainerNamedObjectPath [0x77C075F4+228]
	RtlGetAppContainerNamedObjectPath [0x77C075C4+180]
	(No symbol) [0x00000000]
">
      <![CDATA[org.openqa.selenium.SessionNotCreatedException: session not created
from chrome not reachable
  (Session info: chrome=88.0.4324.104)
Build info: version: '3.141.59', revision: 'e82be7d358', time: '2018-11-14T08:17:03'
System info: host: 'DESKTOP-3ALFBUP', ip: '192.168.2.6', os.name: 'Windows 10', os.arch: 'amd64', os.version: '10.0', java.version: '1.8.0_241'
Driver info: driver.version: ChromeDriver
remote stacktrace: Backtrace:
Ordinal0 [0x0040C0C3+3326147]
Ordinal0 [0x002F0851+2164817]
Ordinal0 [0x00177140+618816]
Ordinal0 [0x0016D404+578564]
Ordinal0 [0x0016DACB+580299]
Ordinal0 [0x0016ED35+585013]
Ordinal0 [0x00169D61+564577]
Ordinal0 [0x001782C0+623296]
Ordinal0 [0x00116BDD+224221]
Ordinal0 [0x00115CAC+220332]
Ordinal0 [0x0011189B+202907]
Ordinal0 [0x000F3DF4+81396]
Ordinal0 [0x000F4DEE+85486]
Ordinal0 [0x000F4D79+85369]
Ordinal0 [0x003085DC+2262492]
GetHandleVerifier [0x00592874+1487204]
GetHandleVerifier [0x005923CD+1486013]
GetHandleVerifier [0x0059A368+1518680]
GetHandleVerifier [0x00592F4E+1488958]
Ordinal0 [0x002FED0D+2223373]
Ordinal0 [0x0030A12B+2269483]
Ordinal0 [0x0030A26F+2269807]
Ordinal0 [0x0031ECB8+2354360]
BaseThreadInitThunk [0x769EFA29+25]
RtlGetAppContainerNamedObjectPath [0x77C075F4+228]
RtlGetAppContainerNamedObjectPath [0x77C075C4+180]
(No symbol) [0x00000000]

at org.openqa.selenium.remote.W3CHandshakeResponse.lambda$errorHandler$0(W3CHandshakeResponse.java:62)
at org.openqa.selenium.remote.HandshakeResponse.lambda$getResponseFunction$0(HandshakeResponse.java:30)
at org.openqa.selenium.remote.ProtocolHandshake.lambda$createSession$0(ProtocolHandshake.java:126)
at java.util.stream.ReferencePipeline$3$1.accept(ReferencePipeline.java:193)
at java.util.Spliterators$ArraySpliterator.tryAdvance(Spliterators.java:958)
at java.util.stream.ReferencePipeline.forEachWithCancel(ReferencePipeline.java:126)
at java.util.stream.AbstractPipeline.copyIntoWithCancel(AbstractPipeline.java:499)
at java.util.stream.AbstractPipeline.copyInto(AbstractPipeline.java:486)
at java.util.stream.AbstractPipeline.wrapAndCopyInto(AbstractPipeline.java:472)
at java.util.stream.FindOps$FindOp.evaluateSequential(FindOps.java:152)
at java.util.stream.AbstractPipeline.evaluate(AbstractPipeline.java:234)
at java.util.stream.ReferencePipeline.findFirst(ReferencePipeline.java:464)
at org.openqa.selenium.remote.ProtocolHandshake.createSession(ProtocolHandshake.java:128)
at org.openqa.selenium.remote.ProtocolHandshake.createSession(ProtocolHandshake.java:74)
at org.openqa.selenium.remote.HttpCommandExecutor.execute(HttpCommandExecutor.java:136)
at org.openqa.selenium.remote.service.DriverCommandExecutor.execute(DriverCommandExecutor.java:83)
at org.openqa.selenium.remote.RemoteWebDriver.execute(RemoteWebDriver.java:552)
at org.openqa.selenium.remote.RemoteWebDriver.startSession(RemoteWebDriver.java:213)
at org.openqa.selenium.remote.RemoteWebDriver.<init>(RemoteWebDriver.java:131)
at org.openqa.selenium.chrome.ChromeDriver.<init>(ChromeDriver.java:181)
at org.openqa.selenium.chrome.ChromeDriver.<init>(ChromeDriver.java:168)
at org.openqa.selenium.chrome.ChromeDriver.<init>(ChromeDriver.java:123)
at com.InetBanking.TestCases.BaseClass.SetUp(BaseClass.java:41)
at java.util.ArrayList.forEach(ArrayList.java:1257)
... Removed 33 stack frames]]>
    </failure>
  </testcase> <!-- @BeforeClass SetUp -->
  <testcase name="@AfterClass TearDown" time="-1.612242313987E9" classname="com.InetBanking.TestCases.BaseClass">
    <skipped/>
  </testcase> <!-- @AfterClass TearDown -->
  <testcase name="LoginTest" time="0.0" classname="com.InetBanking.TestCases.TC_LoginTest_01">
    <skipped/>
  </testcase> <!-- LoginTest -->
  <testcase name="LoginDDT" time="0.0" classname="com.InetBanking.TestCases.TC_LoginDDT_02">
    <skipped/>
  </testcase> <!-- LoginDDT -->
  <testcase name="LoginDDT" time="0.0" classname="com.InetBanking.TestCases.TC_LoginDDT_02">
    <skipped/>
  </testcase> <!-- LoginDDT -->
  <testcase name="LoginDDT" time="0.0" classname="com.InetBanking.TestCases.TC_LoginDDT_02">
    <skipped/>
  </testcase> <!-- LoginDDT -->
  <testcase name="LoginDDT" time="0.0" classname="com.InetBanking.TestCases.TC_LoginDDT_02">
    <skipped/>
  </testcase> <!-- LoginDDT -->
  <testcase name="AddNewCustromer" time="0.0" classname="com.InetBanking.TestCases.TC_AddNewCustomer_03">
    <skipped/>
  </testcase> <!-- AddNewCustromer -->
</testsuite> <!-- Test -->
