<!DOCTYPE html PUBLIC "-//W3C//DTD XHTML 1.1//EN" "http://www.w3.org/TR/xhtml11/DTD/xhtml11.dtd">
<html xmlns="http://www.w3.org/1999/xhtml">
<head>
<meta http-equiv="content-type" content="text/html; charset=UTF-8"/>
<title>TestNG Report</title>
<style type="text/css">table {margin-bottom:10px;border-collapse:collapse;empty-cells:show}th,td {border:1px solid #009;padding:.25em .5em}th {vertical-align:bottom}td {vertical-align:top}table a {font-weight:bold}.stripe td {background-color: #E6EBF9}.num {text-align:right}.passedodd td {background-color: #3F3}.passedeven td {background-color: #0A0}.skippedodd td {background-color: #DDD}.skippedeven td {background-color: #CCC}.failedodd td,.attn {background-color: #F33}.failedeven td,.stripe .attn {background-color: #D00}.stacktrace {white-space:pre;font-family:monospace}.totop {font-size:85%;text-align:center;border-bottom:2px solid #000}.invisible {display:none}</style>
</head>
<body>
<table>
<tr><th>Test</th><th># Passed</th><th># Skipped</th><th># Retried</th><th># Failed</th><th>Time (ms)</th><th>Included Groups</th><th>Excluded Groups</th></tr>
<tr><th colspan="8">InetBanking</th></tr>
<tr><td><a href="#t0">Test</a></td><td class="num">0</td><td class="num attn">6</td><td class="num">0</td><td class="num">0</td><td class="num">40,686</td><td></td><td></td></tr>
</table>
<table id='summary'><thead><tr><th>Class</th><th>Method</th><th>Start</th><th>Time (ms)</th></tr></thead><tbody><tr><th colspan="4">InetBanking</th></tr></tbody><tbody id="t0"><tr><th colspan="4">Test &#8212; failed (configuration methods)</th></tr><tr class="failedeven"><td rowspan="1">com.InetBanking.TestCases.TC_AddNewCustomer_03</td><td><a href="#m0">SetUp</a></td><td rowspan="1">1612242300572</td><td rowspan="1">13406</td></tr><tr class="failedodd"><td rowspan="1">com.InetBanking.TestCases.TC_LoginDDT_02</td><td><a href="#m1">SetUp</a></td><td rowspan="1">1612242286072</td><td rowspan="1">13392</td></tr><tr class="failedeven"><td rowspan="1">com.InetBanking.TestCases.TC_LoginTest_01</td><td><a href="#m2">SetUp</a></td><td rowspan="1">1612242273484</td><td rowspan="1">12542</td></tr><tr><th colspan="4">Test &#8212; skipped (configuration methods)</th></tr><tr class="skippedeven"><td rowspan="1">com.InetBanking.TestCases.TC_AddNewCustomer_03</td><td><a href="#m3">TearDown</a></td><td rowspan="1">1612242313987</td><td rowspan="1">-1612242313987</td></tr><tr class="skippedodd"><td rowspan="1">com.InetBanking.TestCases.TC_LoginDDT_02</td><td><a href="#m4">TearDown</a></td><td rowspan="1">1612242300571</td><td rowspan="1">-1612242300571</td></tr><tr class="skippedeven"><td rowspan="1">com.InetBanking.TestCases.TC_LoginTest_01</td><td><a href="#m5">TearDown</a></td><td rowspan="1">1612242286069</td><td rowspan="1">-1612242286069</td></tr><tr><th colspan="4">Test &#8212; skipped</th></tr><tr class="skippedeven"><td rowspan="1">com.InetBanking.TestCases.TC_AddNewCustomer_03</td><td><a href="#m6">AddNewCustromer</a></td><td rowspan="1">1612242313984</td><td rowspan="1">0</td></tr><tr class="skippedodd"><td rowspan="4">com.InetBanking.TestCases.TC_LoginDDT_02</td><td><a href="#m7">LoginDDT</a></td><td rowspan="4">1612242300566</td><td rowspan="4">0</td></tr><tr class="skippedodd"><td><a href="#m8">LoginDDT</a></td></tr><tr class="skippedodd"><td><a href="#m9">LoginDDT</a></td></tr><tr class="skippedodd"><td><a href="#m10">LoginDDT</a></td></tr><tr class="skippedeven"><td rowspan="1">com.InetBanking.TestCases.TC_LoginTest_01</td><td><a href="#m11">LoginTest</a></td><td rowspan="1">1612242286051</td><td rowspan="1">0</td></tr></tbody>
</table>
<h2>Test</h2><h3 id="m0">com.InetBanking.TestCases.TC_AddNewCustomer_03#SetUp</h3><table class="result"><tr class="param"><th>Parameter #1</th></tr><tr class="param stripe"><td>chrome</td></tr><tr><th>Exception</th></tr><tr><td><div class="stacktrace">org.openqa.selenium.SessionNotCreatedException: session not created
from chrome not reachable
  (Session info: chrome=88.0.4324.104)
Build info: version: &apos;3.141.59&apos;, revision: &apos;e82be7d358&apos;, time: &apos;2018-11-14T08:17:03&apos;
System info: host: &apos;DESKTOP-3ALFBUP&apos;, ip: &apos;192.168.2.6&apos;, os.name: &apos;Windows 10&apos;, os.arch: &apos;amd64&apos;, os.version: &apos;10.0&apos;, java.version: &apos;1.8.0_241&apos;
Driver info: driver.version: ChromeDriver
remote stacktrace: Backtrace:
	Ordinal0 [0x0040C0C3+3326147]
	Ordinal0 [0x002F0851+2164817]
	Ordinal0 [0x00177140+618816]
	Ordinal0 [0x0016D404+578564]
	Ordinal0 [0x0016DACB+580299]
	Ordinal0 [0x0016ED35+585013]
	Ordinal0 [0x00169D61+564577]
	Ordinal0 [0x001782C0+623296]
	Ordinal0 [0x00116BDD+224221]
	Ordinal0 [0x00115CAC+220332]
	Ordinal0 [0x0011189B+202907]
	Ordinal0 [0x000F3DF4+81396]
	Ordinal0 [0x000F4DEE+85486]
	Ordinal0 [0x000F4D79+85369]
	Ordinal0 [0x003085DC+2262492]
	GetHandleVerifier [0x00592874+1487204]
	GetHandleVerifier [0x005923CD+1486013]
	GetHandleVerifier [0x0059A368+1518680]
	GetHandleVerifier [0x00592F4E+1488958]
	Ordinal0 [0x002FED0D+2223373]
	Ordinal0 [0x0030A12B+2269483]
	Ordinal0 [0x0030A26F+2269807]
	Ordinal0 [0x0031ECB8+2354360]
	BaseThreadInitThunk [0x769EFA29+25]
	RtlGetAppContainerNamedObjectPath [0x77C075F4+228]
	RtlGetAppContainerNamedObjectPath [0x77C075C4+180]
	(No symbol) [0x00000000]

	at org.openqa.selenium.remote.W3CHandshakeResponse.lambda$errorHandler$0(W3CHandshakeResponse.java:62)
	at org.openqa.selenium.remote.HandshakeResponse.lambda$getResponseFunction$0(HandshakeResponse.java:30)
	at org.openqa.selenium.remote.ProtocolHandshake.lambda$createSession$0(ProtocolHandshake.java:126)
	at java.util.stream.ReferencePipeline$3$1.accept(ReferencePipeline.java:193)
	at java.util.Spliterators$ArraySpliterator.tryAdvance(Spliterators.java:958)
	at java.util.stream.ReferencePipeline.forEachWithCancel(ReferencePipeline.java:126)
	at java.util.stream.AbstractPipeline.copyIntoWithCancel(AbstractPipeline.java:499)
	at java.util.stream.AbstractPipeline.copyInto(AbstractPipeline.java:486)
	at java.util.stream.AbstractPipeline.wrapAndCopyInto(AbstractPipeline.java:472)
	at java.util.stream.FindOps$FindOp.evaluateSequential(FindOps.java:152)
	at java.util.stream.AbstractPipeline.evaluate(AbstractPipeline.java:234)
	at java.util.stream.ReferencePipeline.findFirst(ReferencePipeline.java:464)
	at org.openqa.selenium.remote.ProtocolHandshake.createSession(ProtocolHandshake.java:128)
	at org.openqa.selenium.remote.ProtocolHandshake.createSession(ProtocolHandshake.java:74)
	at org.openqa.selenium.remote.HttpCommandExecutor.execute(HttpCommandExecutor.java:136)
	at org.openqa.selenium.remote.service.DriverCommandExecutor.execute(DriverCommandExecutor.java:83)
	at org.openqa.selenium.remote.RemoteWebDriver.execute(RemoteWebDriver.java:552)
	at org.openqa.selenium.remote.RemoteWebDriver.startSession(RemoteWebDriver.java:213)
	at org.openqa.selenium.remote.RemoteWebDriver.&lt;init&gt;(RemoteWebDriver.java:131)
	at org.openqa.selenium.chrome.ChromeDriver.&lt;init&gt;(ChromeDriver.java:181)
	at org.openqa.selenium.chrome.ChromeDriver.&lt;init&gt;(ChromeDriver.java:168)
	at org.openqa.selenium.chrome.ChromeDriver.&lt;init&gt;(ChromeDriver.java:123)
	at com.InetBanking.TestCases.BaseClass.SetUp(BaseClass.java:41)
	at java.util.ArrayList.forEach(ArrayList.java:1257)
... Removed 33 stack frames</div></td></tr></table><p class="totop"><a href="#summary">back to summary</a></p>
<h3 id="m1">com.InetBanking.TestCases.TC_LoginDDT_02#SetUp</h3><table class="result"><tr class="param"><th>Parameter #1</th></tr><tr class="param stripe"><td>chrome</td></tr><tr><th>Exception</th></tr><tr><td><div class="stacktrace">org.openqa.selenium.SessionNotCreatedException: session not created
from chrome not reachable
  (Session info: chrome=88.0.4324.104)
Build info: version: &apos;3.141.59&apos;, revision: &apos;e82be7d358&apos;, time: &apos;2018-11-14T08:17:03&apos;
System info: host: &apos;DESKTOP-3ALFBUP&apos;, ip: &apos;192.168.2.6&apos;, os.name: &apos;Windows 10&apos;, os.arch: &apos;amd64&apos;, os.version: &apos;10.0&apos;, java.version: &apos;1.8.0_241&apos;
Driver info: driver.version: ChromeDriver
remote stacktrace: Backtrace:
	Ordinal0 [0x0040C0C3+3326147]
	Ordinal0 [0x002F0851+2164817]
	Ordinal0 [0x00177140+618816]
	Ordinal0 [0x0016D404+578564]
	Ordinal0 [0x0016DACB+580299]
	Ordinal0 [0x0016ED35+585013]
	Ordinal0 [0x00169D61+564577]
	Ordinal0 [0x001782C0+623296]
	Ordinal0 [0x00116BDD+224221]
	Ordinal0 [0x00115CAC+220332]
	Ordinal0 [0x0011189B+202907]
	Ordinal0 [0x000F3DF4+81396]
	Ordinal0 [0x000F4DEE+85486]
	Ordinal0 [0x000F4D79+85369]
	Ordinal0 [0x003085DC+2262492]
	GetHandleVerifier [0x00592874+1487204]
	GetHandleVerifier [0x005923CD+1486013]
	GetHandleVerifier [0x0059A368+1518680]
	GetHandleVerifier [0x00592F4E+1488958]
	Ordinal0 [0x002FED0D+2223373]
	Ordinal0 [0x0030A12B+2269483]
	Ordinal0 [0x0030A26F+2269807]
	Ordinal0 [0x0031ECB8+2354360]
	BaseThreadInitThunk [0x769EFA29+25]
	RtlGetAppContainerNamedObjectPath [0x77C075F4+228]
	RtlGetAppContainerNamedObjectPath [0x77C075C4+180]
	(No symbol) [0x00000000]

	at org.openqa.selenium.remote.W3CHandshakeResponse.lambda$errorHandler$0(W3CHandshakeResponse.java:62)
	at org.openqa.selenium.remote.HandshakeResponse.lambda$getResponseFunction$0(HandshakeResponse.java:30)
	at org.openqa.selenium.remote.ProtocolHandshake.lambda$createSession$0(ProtocolHandshake.java:126)
	at java.util.stream.ReferencePipeline$3$1.accept(ReferencePipeline.java:193)
	at java.util.Spliterators$ArraySpliterator.tryAdvance(Spliterators.java:958)
	at java.util.stream.ReferencePipeline.forEachWithCancel(ReferencePipeline.java:126)
	at java.util.stream.AbstractPipeline.copyIntoWithCancel(AbstractPipeline.java:499)
	at java.util.stream.AbstractPipeline.copyInto(AbstractPipeline.java:486)
	at java.util.stream.AbstractPipeline.wrapAndCopyInto(AbstractPipeline.java:472)
	at java.util.stream.FindOps$FindOp.evaluateSequential(FindOps.java:152)
	at java.util.stream.AbstractPipeline.evaluate(AbstractPipeline.java:234)
	at java.util.stream.ReferencePipeline.findFirst(ReferencePipeline.java:464)
	at org.openqa.selenium.remote.ProtocolHandshake.createSession(ProtocolHandshake.java:128)
	at org.openqa.selenium.remote.ProtocolHandshake.createSession(ProtocolHandshake.java:74)
	at org.openqa.selenium.remote.HttpCommandExecutor.execute(HttpCommandExecutor.java:136)
	at org.openqa.selenium.remote.service.DriverCommandExecutor.execute(DriverCommandExecutor.java:83)
	at org.openqa.selenium.remote.RemoteWebDriver.execute(RemoteWebDriver.java:552)
	at org.openqa.selenium.remote.RemoteWebDriver.startSession(RemoteWebDriver.java:213)
	at org.openqa.selenium.remote.RemoteWebDriver.&lt;init&gt;(RemoteWebDriver.java:131)
	at org.openqa.selenium.chrome.ChromeDriver.&lt;init&gt;(ChromeDriver.java:181)
	at org.openqa.selenium.chrome.ChromeDriver.&lt;init&gt;(ChromeDriver.java:168)
	at org.openqa.selenium.chrome.ChromeDriver.&lt;init&gt;(ChromeDriver.java:123)
	at com.InetBanking.TestCases.BaseClass.SetUp(BaseClass.java:41)
	at java.util.ArrayList.forEach(ArrayList.java:1257)
... Removed 33 stack frames</div></td></tr></table><p class="totop"><a href="#summary">back to summary</a></p>
<h3 id="m2">com.InetBanking.TestCases.TC_LoginTest_01#SetUp</h3><table class="result"><tr class="param"><th>Parameter #1</th></tr><tr class="param stripe"><td>chrome</td></tr><tr><th>Exception</th></tr><tr><td><div class="stacktrace">org.openqa.selenium.SessionNotCreatedException: session not created
from chrome not reachable
  (Session info: chrome=88.0.4324.104)
Build info: version: &apos;3.141.59&apos;, revision: &apos;e82be7d358&apos;, time: &apos;2018-11-14T08:17:03&apos;
System info: host: &apos;DESKTOP-3ALFBUP&apos;, ip: &apos;192.168.2.6&apos;, os.name: &apos;Windows 10&apos;, os.arch: &apos;amd64&apos;, os.version: &apos;10.0&apos;, java.version: &apos;1.8.0_241&apos;
Driver info: driver.version: ChromeDriver
remote stacktrace: Backtrace:
	Ordinal0 [0x0040C0C3+3326147]
	Ordinal0 [0x002F0851+2164817]
	Ordinal0 [0x00177140+618816]
	Ordinal0 [0x0016D404+578564]
	Ordinal0 [0x0016DACB+580299]
	Ordinal0 [0x0016ED35+585013]
	Ordinal0 [0x00169D61+564577]
	Ordinal0 [0x001782C0+623296]
	Ordinal0 [0x00116BDD+224221]
	Ordinal0 [0x00115CAC+220332]
	Ordinal0 [0x0011189B+202907]
	Ordinal0 [0x000F3DF4+81396]
	Ordinal0 [0x000F4DEE+85486]
	Ordinal0 [0x000F4D79+85369]
	Ordinal0 [0x003085DC+2262492]
	GetHandleVerifier [0x00592874+1487204]
	GetHandleVerifier [0x005923CD+1486013]
	GetHandleVerifier [0x0059A368+1518680]
	GetHandleVerifier [0x00592F4E+1488958]
	Ordinal0 [0x002FED0D+2223373]
	Ordinal0 [0x0030A12B+2269483]
	Ordinal0 [0x0030A26F+2269807]
	Ordinal0 [0x0031ECB8+2354360]
	BaseThreadInitThunk [0x769EFA29+25]
	RtlGetAppContainerNamedObjectPath [0x77C075F4+228]
	RtlGetAppContainerNamedObjectPath [0x77C075C4+180]
	(No symbol) [0x00000000]

	at org.openqa.selenium.remote.W3CHandshakeResponse.lambda$errorHandler$0(W3CHandshakeResponse.java:62)
	at org.openqa.selenium.remote.HandshakeResponse.lambda$getResponseFunction$0(HandshakeResponse.java:30)
	at org.openqa.selenium.remote.ProtocolHandshake.lambda$createSession$0(ProtocolHandshake.java:126)
	at java.util.stream.ReferencePipeline$3$1.accept(ReferencePipeline.java:193)
	at java.util.Spliterators$ArraySpliterator.tryAdvance(Spliterators.java:958)
	at java.util.stream.ReferencePipeline.forEachWithCancel(ReferencePipeline.java:126)
	at java.util.stream.AbstractPipeline.copyIntoWithCancel(AbstractPipeline.java:499)
	at java.util.stream.AbstractPipeline.copyInto(AbstractPipeline.java:486)
	at java.util.stream.AbstractPipeline.wrapAndCopyInto(AbstractPipeline.java:472)
	at java.util.stream.FindOps$FindOp.evaluateSequential(FindOps.java:152)
	at java.util.stream.AbstractPipeline.evaluate(AbstractPipeline.java:234)
	at java.util.stream.ReferencePipeline.findFirst(ReferencePipeline.java:464)
	at org.openqa.selenium.remote.ProtocolHandshake.createSession(ProtocolHandshake.java:128)
	at org.openqa.selenium.remote.ProtocolHandshake.createSession(ProtocolHandshake.java:74)
	at org.openqa.selenium.remote.HttpCommandExecutor.execute(HttpCommandExecutor.java:136)
	at org.openqa.selenium.remote.service.DriverCommandExecutor.execute(DriverCommandExecutor.java:83)
	at org.openqa.selenium.remote.RemoteWebDriver.execute(RemoteWebDriver.java:552)
	at org.openqa.selenium.remote.RemoteWebDriver.startSession(RemoteWebDriver.java:213)
	at org.openqa.selenium.remote.RemoteWebDriver.&lt;init&gt;(RemoteWebDriver.java:131)
	at org.openqa.selenium.chrome.ChromeDriver.&lt;init&gt;(ChromeDriver.java:181)
	at org.openqa.selenium.chrome.ChromeDriver.&lt;init&gt;(ChromeDriver.java:168)
	at org.openqa.selenium.chrome.ChromeDriver.&lt;init&gt;(ChromeDriver.java:123)
	at com.InetBanking.TestCases.BaseClass.SetUp(BaseClass.java:41)
	at java.util.ArrayList.forEach(ArrayList.java:1257)
... Removed 33 stack frames</div></td></tr></table><p class="totop"><a href="#summary">back to summary</a></p>
<h3 id="m3">com.InetBanking.TestCases.TC_AddNewCustomer_03#TearDown</h3><table class="result"><tr><th class="invisible"/></tr></table><p class="totop"><a href="#summary">back to summary</a></p>
<h3 id="m4">com.InetBanking.TestCases.TC_LoginDDT_02#TearDown</h3><table class="result"><tr><th class="invisible"/></tr></table><p class="totop"><a href="#summary">back to summary</a></p>
<h3 id="m5">com.InetBanking.TestCases.TC_LoginTest_01#TearDown</h3><table class="result"><tr><th class="invisible"/></tr></table><p class="totop"><a href="#summary">back to summary</a></p>
<h3 id="m6">com.InetBanking.TestCases.TC_AddNewCustomer_03#AddNewCustromer</h3><table class="result"><tr><th>Exception</th></tr><tr><td><div class="stacktrace">org.openqa.selenium.SessionNotCreatedException: session not created
from chrome not reachable
  (Session info: chrome=88.0.4324.104)
Build info: version: &apos;3.141.59&apos;, revision: &apos;e82be7d358&apos;, time: &apos;2018-11-14T08:17:03&apos;
System info: host: &apos;DESKTOP-3ALFBUP&apos;, ip: &apos;192.168.2.6&apos;, os.name: &apos;Windows 10&apos;, os.arch: &apos;amd64&apos;, os.version: &apos;10.0&apos;, java.version: &apos;1.8.0_241&apos;
Driver info: driver.version: ChromeDriver
remote stacktrace: Backtrace:
	Ordinal0 [0x0040C0C3+3326147]
	Ordinal0 [0x002F0851+2164817]
	Ordinal0 [0x00177140+618816]
	Ordinal0 [0x0016D404+578564]
	Ordinal0 [0x0016DACB+580299]
	Ordinal0 [0x0016ED35+585013]
	Ordinal0 [0x00169D61+564577]
	Ordinal0 [0x001782C0+623296]
	Ordinal0 [0x00116BDD+224221]
	Ordinal0 [0x00115CAC+220332]
	Ordinal0 [0x0011189B+202907]
	Ordinal0 [0x000F3DF4+81396]
	Ordinal0 [0x000F4DEE+85486]
	Ordinal0 [0x000F4D79+85369]
	Ordinal0 [0x003085DC+2262492]
	GetHandleVerifier [0x00592874+1487204]
	GetHandleVerifier [0x005923CD+1486013]
	GetHandleVerifier [0x0059A368+1518680]
	GetHandleVerifier [0x00592F4E+1488958]
	Ordinal0 [0x002FED0D+2223373]
	Ordinal0 [0x0030A12B+2269483]
	Ordinal0 [0x0030A26F+2269807]
	Ordinal0 [0x0031ECB8+2354360]
	BaseThreadInitThunk [0x769EFA29+25]
	RtlGetAppContainerNamedObjectPath [0x77C075F4+228]
	RtlGetAppContainerNamedObjectPath [0x77C075C4+180]
	(No symbol) [0x00000000]

	at org.openqa.selenium.remote.W3CHandshakeResponse.lambda$errorHandler$0(W3CHandshakeResponse.java:62)
	at org.openqa.selenium.remote.HandshakeResponse.lambda$getResponseFunction$0(HandshakeResponse.java:30)
	at org.openqa.selenium.remote.ProtocolHandshake.lambda$createSession$0(ProtocolHandshake.java:126)
	at java.util.stream.ReferencePipeline$3$1.accept(ReferencePipeline.java:193)
	at java.util.Spliterators$ArraySpliterator.tryAdvance(Spliterators.java:958)
	at java.util.stream.ReferencePipeline.forEachWithCancel(ReferencePipeline.java:126)
	at java.util.stream.AbstractPipeline.copyIntoWithCancel(AbstractPipeline.java:499)
	at java.util.stream.AbstractPipeline.copyInto(AbstractPipeline.java:486)
	at java.util.stream.AbstractPipeline.wrapAndCopyInto(AbstractPipeline.java:472)
	at java.util.stream.FindOps$FindOp.evaluateSequential(FindOps.java:152)
	at java.util.stream.AbstractPipeline.evaluate(AbstractPipeline.java:234)
	at java.util.stream.ReferencePipeline.findFirst(ReferencePipeline.java:464)
	at org.openqa.selenium.remote.ProtocolHandshake.createSession(ProtocolHandshake.java:128)
	at org.openqa.selenium.remote.ProtocolHandshake.createSession(ProtocolHandshake.java:74)
	at org.openqa.selenium.remote.HttpCommandExecutor.execute(HttpCommandExecutor.java:136)
	at org.openqa.selenium.remote.service.DriverCommandExecutor.execute(DriverCommandExecutor.java:83)
	at org.openqa.selenium.remote.RemoteWebDriver.execute(RemoteWebDriver.java:552)
	at org.openqa.selenium.remote.RemoteWebDriver.startSession(RemoteWebDriver.java:213)
	at org.openqa.selenium.remote.RemoteWebDriver.&lt;init&gt;(RemoteWebDriver.java:131)
	at org.openqa.selenium.chrome.ChromeDriver.&lt;init&gt;(ChromeDriver.java:181)
	at org.openqa.selenium.chrome.ChromeDriver.&lt;init&gt;(ChromeDriver.java:168)
	at org.openqa.selenium.chrome.ChromeDriver.&lt;init&gt;(ChromeDriver.java:123)
	at com.InetBanking.TestCases.BaseClass.SetUp(BaseClass.java:41)
	at java.util.ArrayList.forEach(ArrayList.java:1257)
... Removed 33 stack frames</div></td></tr></table><p class="totop"><a href="#summary">back to summary</a></p>
<h3 id="m7">com.InetBanking.TestCases.TC_LoginDDT_02#LoginDDT</h3><table class="result"><tr><th>Exception</th></tr><tr><td><div class="stacktrace">org.openqa.selenium.SessionNotCreatedException: session not created
from chrome not reachable
  (Session info: chrome=88.0.4324.104)
Build info: version: &apos;3.141.59&apos;, revision: &apos;e82be7d358&apos;, time: &apos;2018-11-14T08:17:03&apos;
System info: host: &apos;DESKTOP-3ALFBUP&apos;, ip: &apos;192.168.2.6&apos;, os.name: &apos;Windows 10&apos;, os.arch: &apos;amd64&apos;, os.version: &apos;10.0&apos;, java.version: &apos;1.8.0_241&apos;
Driver info: driver.version: ChromeDriver
remote stacktrace: Backtrace:
	Ordinal0 [0x0040C0C3+3326147]
	Ordinal0 [0x002F0851+2164817]
	Ordinal0 [0x00177140+618816]
	Ordinal0 [0x0016D404+578564]
	Ordinal0 [0x0016DACB+580299]
	Ordinal0 [0x0016ED35+585013]
	Ordinal0 [0x00169D61+564577]
	Ordinal0 [0x001782C0+623296]
	Ordinal0 [0x00116BDD+224221]
	Ordinal0 [0x00115CAC+220332]
	Ordinal0 [0x0011189B+202907]
	Ordinal0 [0x000F3DF4+81396]
	Ordinal0 [0x000F4DEE+85486]
	Ordinal0 [0x000F4D79+85369]
	Ordinal0 [0x003085DC+2262492]
	GetHandleVerifier [0x00592874+1487204]
	GetHandleVerifier [0x005923CD+1486013]
	GetHandleVerifier [0x0059A368+1518680]
	GetHandleVerifier [0x00592F4E+1488958]
	Ordinal0 [0x002FED0D+2223373]
	Ordinal0 [0x0030A12B+2269483]
	Ordinal0 [0x0030A26F+2269807]
	Ordinal0 [0x0031ECB8+2354360]
	BaseThreadInitThunk [0x769EFA29+25]
	RtlGetAppContainerNamedObjectPath [0x77C075F4+228]
	RtlGetAppContainerNamedObjectPath [0x77C075C4+180]
	(No symbol) [0x00000000]

	at org.openqa.selenium.remote.W3CHandshakeResponse.lambda$errorHandler$0(W3CHandshakeResponse.java:62)
	at org.openqa.selenium.remote.HandshakeResponse.lambda$getResponseFunction$0(HandshakeResponse.java:30)
	at org.openqa.selenium.remote.ProtocolHandshake.lambda$createSession$0(ProtocolHandshake.java:126)
	at java.util.stream.ReferencePipeline$3$1.accept(ReferencePipeline.java:193)
	at java.util.Spliterators$ArraySpliterator.tryAdvance(Spliterators.java:958)
	at java.util.stream.ReferencePipeline.forEachWithCancel(ReferencePipeline.java:126)
	at java.util.stream.AbstractPipeline.copyIntoWithCancel(AbstractPipeline.java:499)
	at java.util.stream.AbstractPipeline.copyInto(AbstractPipeline.java:486)
	at java.util.stream.AbstractPipeline.wrapAndCopyInto(AbstractPipeline.java:472)
	at java.util.stream.FindOps$FindOp.evaluateSequential(FindOps.java:152)
	at java.util.stream.AbstractPipeline.evaluate(AbstractPipeline.java:234)
	at java.util.stream.ReferencePipeline.findFirst(ReferencePipeline.java:464)
	at org.openqa.selenium.remote.ProtocolHandshake.createSession(ProtocolHandshake.java:128)
	at org.openqa.selenium.remote.ProtocolHandshake.createSession(ProtocolHandshake.java:74)
	at org.openqa.selenium.remote.HttpCommandExecutor.execute(HttpCommandExecutor.java:136)
	at org.openqa.selenium.remote.service.DriverCommandExecutor.execute(DriverCommandExecutor.java:83)
	at org.openqa.selenium.remote.RemoteWebDriver.execute(RemoteWebDriver.java:552)
	at org.openqa.selenium.remote.RemoteWebDriver.startSession(RemoteWebDriver.java:213)
	at org.openqa.selenium.remote.RemoteWebDriver.&lt;init&gt;(RemoteWebDriver.java:131)
	at org.openqa.selenium.chrome.ChromeDriver.&lt;init&gt;(ChromeDriver.java:181)
	at org.openqa.selenium.chrome.ChromeDriver.&lt;init&gt;(ChromeDriver.java:168)
	at org.openqa.selenium.chrome.ChromeDriver.&lt;init&gt;(ChromeDriver.java:123)
	at com.InetBanking.TestCases.BaseClass.SetUp(BaseClass.java:41)
	at java.util.ArrayList.forEach(ArrayList.java:1257)
... Removed 33 stack frames</div></td></tr></table><p class="totop"><a href="#summary">back to summary</a></p>
<h3 id="m8">com.InetBanking.TestCases.TC_LoginDDT_02#LoginDDT</h3><table class="result"><tr><th>Exception</th></tr><tr><td><div class="stacktrace">org.openqa.selenium.SessionNotCreatedException: session not created
from chrome not reachable
  (Session info: chrome=88.0.4324.104)
Build info: version: &apos;3.141.59&apos;, revision: &apos;e82be7d358&apos;, time: &apos;2018-11-14T08:17:03&apos;
System info: host: &apos;DESKTOP-3ALFBUP&apos;, ip: &apos;192.168.2.6&apos;, os.name: &apos;Windows 10&apos;, os.arch: &apos;amd64&apos;, os.version: &apos;10.0&apos;, java.version: &apos;1.8.0_241&apos;
Driver info: driver.version: ChromeDriver
remote stacktrace: Backtrace:
	Ordinal0 [0x0040C0C3+3326147]
	Ordinal0 [0x002F0851+2164817]
	Ordinal0 [0x00177140+618816]
	Ordinal0 [0x0016D404+578564]
	Ordinal0 [0x0016DACB+580299]
	Ordinal0 [0x0016ED35+585013]
	Ordinal0 [0x00169D61+564577]
	Ordinal0 [0x001782C0+623296]
	Ordinal0 [0x00116BDD+224221]
	Ordinal0 [0x00115CAC+220332]
	Ordinal0 [0x0011189B+202907]
	Ordinal0 [0x000F3DF4+81396]
	Ordinal0 [0x000F4DEE+85486]
	Ordinal0 [0x000F4D79+85369]
	Ordinal0 [0x003085DC+2262492]
	GetHandleVerifier [0x00592874+1487204]
	GetHandleVerifier [0x005923CD+1486013]
	GetHandleVerifier [0x0059A368+1518680]
	GetHandleVerifier [0x00592F4E+1488958]
	Ordinal0 [0x002FED0D+2223373]
	Ordinal0 [0x0030A12B+2269483]
	Ordinal0 [0x0030A26F+2269807]
	Ordinal0 [0x0031ECB8+2354360]
	BaseThreadInitThunk [0x769EFA29+25]
	RtlGetAppContainerNamedObjectPath [0x77C075F4+228]
	RtlGetAppContainerNamedObjectPath [0x77C075C4+180]
	(No symbol) [0x00000000]

	at org.openqa.selenium.remote.W3CHandshakeResponse.lambda$errorHandler$0(W3CHandshakeResponse.java:62)
	at org.openqa.selenium.remote.HandshakeResponse.lambda$getResponseFunction$0(HandshakeResponse.java:30)
	at org.openqa.selenium.remote.ProtocolHandshake.lambda$createSession$0(ProtocolHandshake.java:126)
	at java.util.stream.ReferencePipeline$3$1.accept(ReferencePipeline.java:193)
	at java.util.Spliterators$ArraySpliterator.tryAdvance(Spliterators.java:958)
	at java.util.stream.ReferencePipeline.forEachWithCancel(ReferencePipeline.java:126)
	at java.util.stream.AbstractPipeline.copyIntoWithCancel(AbstractPipeline.java:499)
	at java.util.stream.AbstractPipeline.copyInto(AbstractPipeline.java:486)
	at java.util.stream.AbstractPipeline.wrapAndCopyInto(AbstractPipeline.java:472)
	at java.util.stream.FindOps$FindOp.evaluateSequential(FindOps.java:152)
	at java.util.stream.AbstractPipeline.evaluate(AbstractPipeline.java:234)
	at java.util.stream.ReferencePipeline.findFirst(ReferencePipeline.java:464)
	at org.openqa.selenium.remote.ProtocolHandshake.createSession(ProtocolHandshake.java:128)
	at org.openqa.selenium.remote.ProtocolHandshake.createSession(ProtocolHandshake.java:74)
	at org.openqa.selenium.remote.HttpCommandExecutor.execute(HttpCommandExecutor.java:136)
	at org.openqa.selenium.remote.service.DriverCommandExecutor.execute(DriverCommandExecutor.java:83)
	at org.openqa.selenium.remote.RemoteWebDriver.execute(RemoteWebDriver.java:552)
	at org.openqa.selenium.remote.RemoteWebDriver.startSession(RemoteWebDriver.java:213)
	at org.openqa.selenium.remote.RemoteWebDriver.&lt;init&gt;(RemoteWebDriver.java:131)
	at org.openqa.selenium.chrome.ChromeDriver.&lt;init&gt;(ChromeDriver.java:181)
	at org.openqa.selenium.chrome.ChromeDriver.&lt;init&gt;(ChromeDriver.java:168)
	at org.openqa.selenium.chrome.ChromeDriver.&lt;init&gt;(ChromeDriver.java:123)
	at com.InetBanking.TestCases.BaseClass.SetUp(BaseClass.java:41)
	at java.util.ArrayList.forEach(ArrayList.java:1257)
... Removed 33 stack frames</div></td></tr></table><p class="totop"><a href="#summary">back to summary</a></p>
<h3 id="m9">com.InetBanking.TestCases.TC_LoginDDT_02#LoginDDT</h3><table class="result"><tr><th>Exception</th></tr><tr><td><div class="stacktrace">org.openqa.selenium.SessionNotCreatedException: session not created
from chrome not reachable
  (Session info: chrome=88.0.4324.104)
Build info: version: &apos;3.141.59&apos;, revision: &apos;e82be7d358&apos;, time: &apos;2018-11-14T08:17:03&apos;
System info: host: &apos;DESKTOP-3ALFBUP&apos;, ip: &apos;192.168.2.6&apos;, os.name: &apos;Windows 10&apos;, os.arch: &apos;amd64&apos;, os.version: &apos;10.0&apos;, java.version: &apos;1.8.0_241&apos;
Driver info: driver.version: ChromeDriver
remote stacktrace: Backtrace:
	Ordinal0 [0x0040C0C3+3326147]
	Ordinal0 [0x002F0851+2164817]
	Ordinal0 [0x00177140+618816]
	Ordinal0 [0x0016D404+578564]
	Ordinal0 [0x0016DACB+580299]
	Ordinal0 [0x0016ED35+585013]
	Ordinal0 [0x00169D61+564577]
	Ordinal0 [0x001782C0+623296]
	Ordinal0 [0x00116BDD+224221]
	Ordinal0 [0x00115CAC+220332]
	Ordinal0 [0x0011189B+202907]
	Ordinal0 [0x000F3DF4+81396]
	Ordinal0 [0x000F4DEE+85486]
	Ordinal0 [0x000F4D79+85369]
	Ordinal0 [0x003085DC+2262492]
	GetHandleVerifier [0x00592874+1487204]
	GetHandleVerifier [0x005923CD+1486013]
	GetHandleVerifier [0x0059A368+1518680]
	GetHandleVerifier [0x00592F4E+1488958]
	Ordinal0 [0x002FED0D+2223373]
	Ordinal0 [0x0030A12B+2269483]
	Ordinal0 [0x0030A26F+2269807]
	Ordinal0 [0x0031ECB8+2354360]
	BaseThreadInitThunk [0x769EFA29+25]
	RtlGetAppContainerNamedObjectPath [0x77C075F4+228]
	RtlGetAppContainerNamedObjectPath [0x77C075C4+180]
	(No symbol) [0x00000000]

	at org.openqa.selenium.remote.W3CHandshakeResponse.lambda$errorHandler$0(W3CHandshakeResponse.java:62)
	at org.openqa.selenium.remote.HandshakeResponse.lambda$getResponseFunction$0(HandshakeResponse.java:30)
	at org.openqa.selenium.remote.ProtocolHandshake.lambda$createSession$0(ProtocolHandshake.java:126)
	at java.util.stream.ReferencePipeline$3$1.accept(ReferencePipeline.java:193)
	at java.util.Spliterators$ArraySpliterator.tryAdvance(Spliterators.java:958)
	at java.util.stream.ReferencePipeline.forEachWithCancel(ReferencePipeline.java:126)
	at java.util.stream.AbstractPipeline.copyIntoWithCancel(AbstractPipeline.java:499)
	at java.util.stream.AbstractPipeline.copyInto(AbstractPipeline.java:486)
	at java.util.stream.AbstractPipeline.wrapAndCopyInto(AbstractPipeline.java:472)
	at java.util.stream.FindOps$FindOp.evaluateSequential(FindOps.java:152)
	at java.util.stream.AbstractPipeline.evaluate(AbstractPipeline.java:234)
	at java.util.stream.ReferencePipeline.findFirst(ReferencePipeline.java:464)
	at org.openqa.selenium.remote.ProtocolHandshake.createSession(ProtocolHandshake.java:128)
	at org.openqa.selenium.remote.ProtocolHandshake.createSession(ProtocolHandshake.java:74)
	at org.openqa.selenium.remote.HttpCommandExecutor.execute(HttpCommandExecutor.java:136)
	at org.openqa.selenium.remote.service.DriverCommandExecutor.execute(DriverCommandExecutor.java:83)
	at org.openqa.selenium.remote.RemoteWebDriver.execute(RemoteWebDriver.java:552)
	at org.openqa.selenium.remote.RemoteWebDriver.startSession(RemoteWebDriver.java:213)
	at org.openqa.selenium.remote.RemoteWebDriver.&lt;init&gt;(RemoteWebDriver.java:131)
	at org.openqa.selenium.chrome.ChromeDriver.&lt;init&gt;(ChromeDriver.java:181)
	at org.openqa.selenium.chrome.ChromeDriver.&lt;init&gt;(ChromeDriver.java:168)
	at org.openqa.selenium.chrome.ChromeDriver.&lt;init&gt;(ChromeDriver.java:123)
	at com.InetBanking.TestCases.BaseClass.SetUp(BaseClass.java:41)
	at java.util.ArrayList.forEach(ArrayList.java:1257)
... Removed 33 stack frames</div></td></tr></table><p class="totop"><a href="#summary">back to summary</a></p>
<h3 id="m10">com.InetBanking.TestCases.TC_LoginDDT_02#LoginDDT</h3><table class="result"><tr><th>Exception</th></tr><tr><td><div class="stacktrace">org.openqa.selenium.SessionNotCreatedException: session not created
from chrome not reachable
  (Session info: chrome=88.0.4324.104)
Build info: version: &apos;3.141.59&apos;, revision: &apos;e82be7d358&apos;, time: &apos;2018-11-14T08:17:03&apos;
System info: host: &apos;DESKTOP-3ALFBUP&apos;, ip: &apos;192.168.2.6&apos;, os.name: &apos;Windows 10&apos;, os.arch: &apos;amd64&apos;, os.version: &apos;10.0&apos;, java.version: &apos;1.8.0_241&apos;
Driver info: driver.version: ChromeDriver
remote stacktrace: Backtrace:
	Ordinal0 [0x0040C0C3+3326147]
	Ordinal0 [0x002F0851+2164817]
	Ordinal0 [0x00177140+618816]
	Ordinal0 [0x0016D404+578564]
	Ordinal0 [0x0016DACB+580299]
	Ordinal0 [0x0016ED35+585013]
	Ordinal0 [0x00169D61+564577]
	Ordinal0 [0x001782C0+623296]
	Ordinal0 [0x00116BDD+224221]
	Ordinal0 [0x00115CAC+220332]
	Ordinal0 [0x0011189B+202907]
	Ordinal0 [0x000F3DF4+81396]
	Ordinal0 [0x000F4DEE+85486]
	Ordinal0 [0x000F4D79+85369]
	Ordinal0 [0x003085DC+2262492]
	GetHandleVerifier [0x00592874+1487204]
	GetHandleVerifier [0x005923CD+1486013]
	GetHandleVerifier [0x0059A368+1518680]
	GetHandleVerifier [0x00592F4E+1488958]
	Ordinal0 [0x002FED0D+2223373]
	Ordinal0 [0x0030A12B+2269483]
	Ordinal0 [0x0030A26F+2269807]
	Ordinal0 [0x0031ECB8+2354360]
	BaseThreadInitThunk [0x769EFA29+25]
	RtlGetAppContainerNamedObjectPath [0x77C075F4+228]
	RtlGetAppContainerNamedObjectPath [0x77C075C4+180]
	(No symbol) [0x00000000]

	at org.openqa.selenium.remote.W3CHandshakeResponse.lambda$errorHandler$0(W3CHandshakeResponse.java:62)
	at org.openqa.selenium.remote.HandshakeResponse.lambda$getResponseFunction$0(HandshakeResponse.java:30)
	at org.openqa.selenium.remote.ProtocolHandshake.lambda$createSession$0(ProtocolHandshake.java:126)
	at java.util.stream.ReferencePipeline$3$1.accept(ReferencePipeline.java:193)
	at java.util.Spliterators$ArraySpliterator.tryAdvance(Spliterators.java:958)
	at java.util.stream.ReferencePipeline.forEachWithCancel(ReferencePipeline.java:126)
	at java.util.stream.AbstractPipeline.copyIntoWithCancel(AbstractPipeline.java:499)
	at java.util.stream.AbstractPipeline.copyInto(AbstractPipeline.java:486)
	at java.util.stream.AbstractPipeline.wrapAndCopyInto(AbstractPipeline.java:472)
	at java.util.stream.FindOps$FindOp.evaluateSequential(FindOps.java:152)
	at java.util.stream.AbstractPipeline.evaluate(AbstractPipeline.java:234)
	at java.util.stream.ReferencePipeline.findFirst(ReferencePipeline.java:464)
	at org.openqa.selenium.remote.ProtocolHandshake.createSession(ProtocolHandshake.java:128)
	at org.openqa.selenium.remote.ProtocolHandshake.createSession(ProtocolHandshake.java:74)
	at org.openqa.selenium.remote.HttpCommandExecutor.execute(HttpCommandExecutor.java:136)
	at org.openqa.selenium.remote.service.DriverCommandExecutor.execute(DriverCommandExecutor.java:83)
	at org.openqa.selenium.remote.RemoteWebDriver.execute(RemoteWebDriver.java:552)
	at org.openqa.selenium.remote.RemoteWebDriver.startSession(RemoteWebDriver.java:213)
	at org.openqa.selenium.remote.RemoteWebDriver.&lt;init&gt;(RemoteWebDriver.java:131)
	at org.openqa.selenium.chrome.ChromeDriver.&lt;init&gt;(ChromeDriver.java:181)
	at org.openqa.selenium.chrome.ChromeDriver.&lt;init&gt;(ChromeDriver.java:168)
	at org.openqa.selenium.chrome.ChromeDriver.&lt;init&gt;(ChromeDriver.java:123)
	at com.InetBanking.TestCases.BaseClass.SetUp(BaseClass.java:41)
	at java.util.ArrayList.forEach(ArrayList.java:1257)
... Removed 33 stack frames</div></td></tr></table><p class="totop"><a href="#summary">back to summary</a></p>
<h3 id="m11">com.InetBanking.TestCases.TC_LoginTest_01#LoginTest</h3><table class="result"><tr><th>Exception</th></tr><tr><td><div class="stacktrace">org.openqa.selenium.SessionNotCreatedException: session not created
from chrome not reachable
  (Session info: chrome=88.0.4324.104)
Build info: version: &apos;3.141.59&apos;, revision: &apos;e82be7d358&apos;, time: &apos;2018-11-14T08:17:03&apos;
System info: host: &apos;DESKTOP-3ALFBUP&apos;, ip: &apos;192.168.2.6&apos;, os.name: &apos;Windows 10&apos;, os.arch: &apos;amd64&apos;, os.version: &apos;10.0&apos;, java.version: &apos;1.8.0_241&apos;
Driver info: driver.version: ChromeDriver
remote stacktrace: Backtrace:
	Ordinal0 [0x0040C0C3+3326147]
	Ordinal0 [0x002F0851+2164817]
	Ordinal0 [0x00177140+618816]
	Ordinal0 [0x0016D404+578564]
	Ordinal0 [0x0016DACB+580299]
	Ordinal0 [0x0016ED35+585013]
	Ordinal0 [0x00169D61+564577]
	Ordinal0 [0x001782C0+623296]
	Ordinal0 [0x00116BDD+224221]
	Ordinal0 [0x00115CAC+220332]
	Ordinal0 [0x0011189B+202907]
	Ordinal0 [0x000F3DF4+81396]
	Ordinal0 [0x000F4DEE+85486]
	Ordinal0 [0x000F4D79+85369]
	Ordinal0 [0x003085DC+2262492]
	GetHandleVerifier [0x00592874+1487204]
	GetHandleVerifier [0x005923CD+1486013]
	GetHandleVerifier [0x0059A368+1518680]
	GetHandleVerifier [0x00592F4E+1488958]
	Ordinal0 [0x002FED0D+2223373]
	Ordinal0 [0x0030A12B+2269483]
	Ordinal0 [0x0030A26F+2269807]
	Ordinal0 [0x0031ECB8+2354360]
	BaseThreadInitThunk [0x769EFA29+25]
	RtlGetAppContainerNamedObjectPath [0x77C075F4+228]
	RtlGetAppContainerNamedObjectPath [0x77C075C4+180]
	(No symbol) [0x00000000]

	at org.openqa.selenium.remote.W3CHandshakeResponse.lambda$errorHandler$0(W3CHandshakeResponse.java:62)
	at org.openqa.selenium.remote.HandshakeResponse.lambda$getResponseFunction$0(HandshakeResponse.java:30)
	at org.openqa.selenium.remote.ProtocolHandshake.lambda$createSession$0(ProtocolHandshake.java:126)
	at java.util.stream.ReferencePipeline$3$1.accept(ReferencePipeline.java:193)
	at java.util.Spliterators$ArraySpliterator.tryAdvance(Spliterators.java:958)
	at java.util.stream.ReferencePipeline.forEachWithCancel(ReferencePipeline.java:126)
	at java.util.stream.AbstractPipeline.copyIntoWithCancel(AbstractPipeline.java:499)
	at java.util.stream.AbstractPipeline.copyInto(AbstractPipeline.java:486)
	at java.util.stream.AbstractPipeline.wrapAndCopyInto(AbstractPipeline.java:472)
	at java.util.stream.FindOps$FindOp.evaluateSequential(FindOps.java:152)
	at java.util.stream.AbstractPipeline.evaluate(AbstractPipeline.java:234)
	at java.util.stream.ReferencePipeline.findFirst(ReferencePipeline.java:464)
	at org.openqa.selenium.remote.ProtocolHandshake.createSession(ProtocolHandshake.java:128)
	at org.openqa.selenium.remote.ProtocolHandshake.createSession(ProtocolHandshake.java:74)
	at org.openqa.selenium.remote.HttpCommandExecutor.execute(HttpCommandExecutor.java:136)
	at org.openqa.selenium.remote.service.DriverCommandExecutor.execute(DriverCommandExecutor.java:83)
	at org.openqa.selenium.remote.RemoteWebDriver.execute(RemoteWebDriver.java:552)
	at org.openqa.selenium.remote.RemoteWebDriver.startSession(RemoteWebDriver.java:213)
	at org.openqa.selenium.remote.RemoteWebDriver.&lt;init&gt;(RemoteWebDriver.java:131)
	at org.openqa.selenium.chrome.ChromeDriver.&lt;init&gt;(ChromeDriver.java:181)
	at org.openqa.selenium.chrome.ChromeDriver.&lt;init&gt;(ChromeDriver.java:168)
	at org.openqa.selenium.chrome.ChromeDriver.&lt;init&gt;(ChromeDriver.java:123)
	at com.InetBanking.TestCases.BaseClass.SetUp(BaseClass.java:41)
	at java.util.ArrayList.forEach(ArrayList.java:1257)
... Removed 33 stack frames</div></td></tr></table><p class="totop"><a href="#summary">back to summary</a></p>
</body>
</html>
