<?xml version="1.0" encoding="UTF-8"?>
<!-- Generated by org.testng.reporters.JUnitReportReporter -->
<testsuite skipped="1" hostname="DESKTOP-3ALFBUP" name="com.InetBanking.TestCases.TC_AddNewCustomer_03" tests="2" failures="0" timestamp="2021-02-02T00:05:14 EST" time="13.406" errors="1">
  <testcase name="SetUp" time="13.406" classname="com.InetBanking.TestCases.TC_AddNewCustomer_03">
    <error type="org.openqa.selenium.SessionNotCreatedException" message="session not created
from chrome not reachable
  (Session info: chrome=88.0.4324.104)
Build info: version: &#039;3.141.59&#039;, revision: &#039;e82be7d358&#039;, time: &#039;2018-11-14T08:17:03&#039;
System info: host: &#039;DESKTOP-3ALFBUP&#039;, ip: &#039;192.168.2.6&#039;, os.name: &#039;Windows 10&#039;, os.arch: &#039;amd64&#039;, os.version: &#039;10.0&#039;, java.version: &#039;1.8.0_241&#039;
Driver info: driver.version: ChromeDriver
remote stacktrace: Backtrace:
	Ordinal0 [0x0040C0C3+3326147]
	Ordinal0 [0x002F0851+2164817]
	Ordinal0 [0x00177140+618816]
	Ordinal0 [0x0016D404+578564]
	Ordinal0 [0x0016DACB+580299]
	Ordinal0 [0x0016ED35+585013]
	Ordinal0 [0x00169D61+564577]
	Ordinal0 [0x001782C0+623296]
	Ordinal0 [0x00116BDD+224221]
	Ordinal0 [0x00115CAC+220332]
	Ordinal0 [0x0011189B+202907]
	Ordinal0 [0x000F3DF4+81396]
	Ordinal0 [0x000F4DEE+85486]
	Ordinal0 [0x000F4D79+85369]
	Ordinal0 [0x003085DC+2262492]
	GetHandleVerifier [0x00592874+1487204]
	GetHandleVerifier [0x005923CD+1486013]
	GetHandleVerifier [0x0059A368+1518680]
	GetHandleVerifier [0x00592F4E+1488958]
	Ordinal0 [0x002FED0D+2223373]
	Ordinal0 [0x0030A12B+2269483]
	Ordinal0 [0x0030A26F+2269807]
	Ordinal0 [0x0031ECB8+2354360]
	BaseThreadInitThunk [0x769EFA29+25]
	RtlGetAppContainerNamedObjectPath [0x77C075F4+228]
	RtlGetAppContainerNamedObjectPath [0x77C075C4+180]
	(No symbol) [0x00000000]
">
      <![CDATA[org.openqa.selenium.SessionNotCreatedException: session not created
from chrome not reachable
  (Session info: chrome=88.0.4324.104)
Build info: version: '3.141.59', revision: 'e82be7d358', time: '2018-11-14T08:17:03'
System info: host: 'DESKTOP-3ALFBUP', ip: '192.168.2.6', os.name: 'Windows 10', os.arch: 'amd64', os.version: '10.0', java.version: '1.8.0_241'
Driver info: driver.version: ChromeDriver
remote stacktrace: Backtrace:
Ordinal0 [0x0040C0C3+3326147]
Ordinal0 [0x002F0851+2164817]
Ordinal0 [0x00177140+618816]
Ordinal0 [0x0016D404+578564]
Ordinal0 [0x0016DACB+580299]
Ordinal0 [0x0016ED35+585013]
Ordinal0 [0x00169D61+564577]
Ordinal0 [0x001782C0+623296]
Ordinal0 [0x00116BDD+224221]
Ordinal0 [0x00115CAC+220332]
Ordinal0 [0x0011189B+202907]
Ordinal0 [0x000F3DF4+81396]
Ordinal0 [0x000F4DEE+85486]
Ordinal0 [0x000F4D79+85369]
Ordinal0 [0x003085DC+2262492]
GetHandleVerifier [0x00592874+1487204]
GetHandleVerifier [0x005923CD+1486013]
GetHandleVerifier [0x0059A368+1518680]
GetHandleVerifier [0x00592F4E+1488958]
Ordinal0 [0x002FED0D+2223373]
Ordinal0 [0x0030A12B+2269483]
Ordinal0 [0x0030A26F+2269807]
Ordinal0 [0x0031ECB8+2354360]
BaseThreadInitThunk [0x769EFA29+25]
RtlGetAppContainerNamedObjectPath [0x77C075F4+228]
RtlGetAppContainerNamedObjectPath [0x77C075C4+180]
(No symbol) [0x00000000]

at sun.reflect.NativeConstructorAccessorImpl.newInstance0(Native Method)
at sun.reflect.NativeConstructorAccessorImpl.newInstance(NativeConstructorAccessorImpl.java:62)
at sun.reflect.DelegatingConstructorAccessorImpl.newInstance(DelegatingConstructorAccessorImpl.java:45)
at java.lang.reflect.Constructor.newInstance(Constructor.java:423)
at org.openqa.selenium.remote.W3CHandshakeResponse.lambda$errorHandler$0(W3CHandshakeResponse.java:62)
at org.openqa.selenium.remote.HandshakeResponse.lambda$getResponseFunction$0(HandshakeResponse.java:30)
at org.openqa.selenium.remote.ProtocolHandshake.lambda$createSession$0(ProtocolHandshake.java:126)
at java.util.stream.ReferencePipeline$3$1.accept(ReferencePipeline.java:193)
at java.util.Spliterators$ArraySpliterator.tryAdvance(Spliterators.java:958)
at java.util.stream.ReferencePipeline.forEachWithCancel(ReferencePipeline.java:126)
at java.util.stream.AbstractPipeline.copyIntoWithCancel(AbstractPipeline.java:499)
at java.util.stream.AbstractPipeline.copyInto(AbstractPipeline.java:486)
at java.util.stream.AbstractPipeline.wrapAndCopyInto(AbstractPipeline.java:472)
at java.util.stream.FindOps$FindOp.evaluateSequential(FindOps.java:152)
at java.util.stream.AbstractPipeline.evaluate(AbstractPipeline.java:234)
at java.util.stream.ReferencePipeline.findFirst(ReferencePipeline.java:464)
at org.openqa.selenium.remote.ProtocolHandshake.createSession(ProtocolHandshake.java:128)
at org.openqa.selenium.remote.ProtocolHandshake.createSession(ProtocolHandshake.java:74)
at org.openqa.selenium.remote.HttpCommandExecutor.execute(HttpCommandExecutor.java:136)
at org.openqa.selenium.remote.service.DriverCommandExecutor.execute(DriverCommandExecutor.java:83)
at org.openqa.selenium.remote.RemoteWebDriver.execute(RemoteWebDriver.java:552)
at org.openqa.selenium.remote.RemoteWebDriver.startSession(RemoteWebDriver.java:213)
at org.openqa.selenium.remote.RemoteWebDriver.<init>(RemoteWebDriver.java:131)
at org.openqa.selenium.chrome.ChromeDriver.<init>(ChromeDriver.java:181)
at org.openqa.selenium.chrome.ChromeDriver.<init>(ChromeDriver.java:168)
at org.openqa.selenium.chrome.ChromeDriver.<init>(ChromeDriver.java:123)
at com.InetBanking.TestCases.BaseClass.SetUp(BaseClass.java:41)
at sun.reflect.NativeMethodAccessorImpl.invoke0(Native Method)
at sun.reflect.NativeMethodAccessorImpl.invoke(NativeMethodAccessorImpl.java:62)
at sun.reflect.DelegatingMethodAccessorImpl.invoke(DelegatingMethodAccessorImpl.java:43)
at java.lang.reflect.Method.invoke(Method.java:498)
at org.testng.internal.MethodInvocationHelper.invokeMethod(MethodInvocationHelper.java:134)
at org.testng.internal.MethodInvocationHelper.invokeMethodConsideringTimeout(MethodInvocationHelper.java:63)
at org.testng.internal.ConfigInvoker.invokeConfigurationMethod(ConfigInvoker.java:348)
at org.testng.internal.ConfigInvoker.invokeConfigurations(ConfigInvoker.java:302)
at org.testng.internal.TestMethodWorker.invokeBeforeClassMethods(TestMethodWorker.java:176)
at org.testng.internal.TestMethodWorker.run(TestMethodWorker.java:122)
at java.util.ArrayList.forEach(ArrayList.java:1257)
at org.testng.TestRunner.privateRun(TestRunner.java:766)
at org.testng.TestRunner.run(TestRunner.java:587)
at org.testng.SuiteRunner.runTest(SuiteRunner.java:384)
at org.testng.SuiteRunner.runSequentially(SuiteRunner.java:378)
at org.testng.SuiteRunner.privateRun(SuiteRunner.java:337)
at org.testng.SuiteRunner.run(SuiteRunner.java:286)
at org.testng.SuiteRunnerWorker.runSuite(SuiteRunnerWorker.java:53)
at org.testng.SuiteRunnerWorker.run(SuiteRunnerWorker.java:96)
at org.testng.TestNG.runSuitesSequentially(TestNG.java:1187)
at org.testng.TestNG.runSuitesLocally(TestNG.java:1109)
at org.testng.TestNG.runSuites(TestNG.java:1039)
at org.testng.TestNG.run(TestNG.java:1007)
at org.apache.maven.surefire.testng.TestNGExecutor.run(TestNGExecutor.java:283)
at org.apache.maven.surefire.testng.TestNGXmlTestSuite.execute(TestNGXmlTestSuite.java:75)
at org.apache.maven.surefire.testng.TestNGProvider.invoke(TestNGProvider.java:120)
at org.apache.maven.surefire.booter.ForkedBooter.invokeProviderInSameClassLoader(ForkedBooter.java:384)
at org.apache.maven.surefire.booter.ForkedBooter.runSuitesInProcess(ForkedBooter.java:345)
at org.apache.maven.surefire.booter.ForkedBooter.execute(ForkedBooter.java:126)
at org.apache.maven.surefire.booter.ForkedBooter.main(ForkedBooter.java:418)
]]>
    </error>
  </testcase> <!-- SetUp -->
  <system-out/>
  <testcase name="AddNewCustromer" time="0.000" classname="com.InetBanking.TestCases.TC_AddNewCustomer_03">
    <skipped/>
  </testcase> <!-- AddNewCustromer -->
  <system-out/>
</testsuite> <!-- com.InetBanking.TestCases.TC_AddNewCustomer_03 -->
